This is pdfTeX, Version 3.141592653-2.6-1.40.25 (TeX Live 2023/Debian) (preloaded format=pdflatex 2026.2.2)  2 FEB 2026 08:32
entering extended mode
 restricted \write18 enabled.
 %&-line parsing enabled.
**MCM_2026_Problem_A_Solution.tex
(./MCM_2026_Problem_A_Solution.tex
LaTeX2e <2023-11-01> patch level 1
L3 programming layer <2024-01-22>
(/usr/share/texlive/texmf-dist/tex/latex/base/article.cls
Document Class: article 2023/05/17 v1.4n Standard LaTeX document class
(/usr/share/texlive/texmf-dist/tex/latex/base/size10.clo
File: size10.clo 2023/05/17 v1.4n Standard LaTeX file (size option)
)
\c@part=\count187
\c@section=\count188
\c@subsection=\count189
\c@subsubsection=\count190
\c@paragraph=\count191
\c@subparagraph=\count192
\c@figure=\count193
\c@table=\count194
\abovecaptionskip=\skip48
\belowcaptionskip=\skip49
\bibindent=\dimen140
)
(/usr/share/texlive/texmf-dist/tex/latex/amsmath/amsmath.sty
Package: amsmath 2023/05/13 v2.17o AMS math features
\@mathmargin=\skip50

For additional information on amsmath, use the `?' option.
(/usr/share/texlive/texmf-dist/tex/latex/amsmath/amstext.sty
Package: amstext 2021/08/26 v2.01 AMS text

(/usr/share/texlive/texmf-dist/tex/latex/amsmath/amsgen.sty
File: amsgen.sty 1999/11/30 v2.0 generic functions
\@emptytoks=\toks17
\ex@=\dimen141
))
(/usr/share/texlive/texmf-dist/tex/latex/amsmath/amsbsy.sty
Package: amsbsy 1999/11/29 v1.2d Bold Symbols
\pmbraise@=\dimen142
)
(/usr/share/texlive/texmf-dist/tex/latex/amsmath/amsopn.sty
Package: amsopn 2022/04/08 v2.04 operator names
)
\inf@bad=\count195
LaTeX Info: Redefining \frac on input line 234.
\uproot@=\count196
\leftroot@=\count197
LaTeX Info: Redefining \overline on input line 399.
LaTeX Info: Redefining \colon on input line 410.
\classnum@=\count198
\DOTSCASE@=\count199
LaTeX Info: Redefining \ldots on input line 496.
LaTeX Info: Redefining \dots on input line 499.
LaTeX Info: Redefining \cdots on input line 620.
\Mathstrutbox@=\box51
\strutbox@=\box52
LaTeX Info: Redefining \big on input line 722.
LaTeX Info: Redefining \Big on input line 723.
LaTeX Info: Redefining \bigg on input line 724.
LaTeX Info: Redefining \Bigg on input line 725.
\big@size=\dimen143
LaTeX Font Info:    Redeclaring font encoding OML on input line 743.
LaTeX Font Info:    Redeclaring font encoding OMS on input line 744.
\macc@depth=\count266
LaTeX Info: Redefining \bmod on input line 905.
LaTeX Info: Redefining \pmod on input line 910.
LaTeX Info: Redefining \smash on input line 940.
LaTeX Info: Redefining \relbar on input line 970.
LaTeX Info: Redefining \Relbar on input line 971.
\c@MaxMatrixCols=\count267
\dotsspace@=\muskip16
\c@parentequation=\count268
\dspbrk@lvl=\count269
\tag@help=\toks18
\row@=\count270
\column@=\count271
\maxfields@=\count272
\andhelp@=\toks19
\eqnshift@=\dimen144
\alignsep@=\dimen145
\tagshift@=\dimen146
\tagwidth@=\dimen147
\totwidth@=\dimen148
\lineht@=\dimen149
\@envbody=\toks20
\multlinegap=\skip51
\multlinetaggap=\skip52
\mathdisplay@stack=\toks21
LaTeX Info: Redefining \[ on input line 2953.
LaTeX Info: Redefining \] on input line 2954.
)
(/usr/share/texlive/texmf-dist/tex/latex/amsfonts/amssymb.sty
Package: amssymb 2013/01/14 v3.01 AMS font symbols

(/usr/share/texlive/texmf-dist/tex/latex/amsfonts/amsfonts.sty
Package: amsfonts 2013/01/14 v3.01 Basic AMSFonts support
\symAMSa=\mathgroup4
\symAMSb=\mathgroup5
LaTeX Font Info:    Redeclaring math symbol \hbar on input line 98.
LaTeX Font Info:    Overwriting math alphabet `\mathfrak' in version `bold'
(Font)                  U/euf/m/n --> U/euf/b/n on input line 106.
))
(/usr/share/texlive/texmf-dist/tex/generic/iftex/iftex.sty
Package: iftex 2022/02/03 v1.0f TeX engine tests
)
(/usr/share/texlive/texmf-dist/tex/latex/base/fontenc.sty
Package: fontenc 2021/04/29 v2.0v Standard LaTeX package
)
(/usr/share/texlive/texmf-dist/tex/latex/base/inputenc.sty
Package: inputenc 2021/02/14 v1.3d Input encoding file
\inpenc@prehook=\toks22
\inpenc@posthook=\toks23
)
(/usr/share/texlive/texmf-dist/tex/latex/base/textcomp.sty
Package: textcomp 2020/02/02 v2.0n Standard LaTeX package
)
(/usr/share/texmf/tex/latex/lm/lmodern.sty
Package: lmodern 2015/05/01 v1.6.1 Latin Modern Fonts
LaTeX Font Info:    Overwriting symbol font `operators' in version `normal'
(Font)                  OT1/cmr/m/n --> OT1/lmr/m/n on input line 22.
LaTeX Font Info:    Overwriting symbol font `letters' in version `normal'
(Font)                  OML/cmm/m/it --> OML/lmm/m/it on input line 23.
LaTeX Font Info:    Overwriting symbol font `symbols' in version `normal'
(Font)                  OMS/cmsy/m/n --> OMS/lmsy/m/n on input line 24.
LaTeX Font Info:    Overwriting symbol font `largesymbols' in version `normal'
(Font)                  OMX/cmex/m/n --> OMX/lmex/m/n on input line 25.
LaTeX Font Info:    Overwriting symbol font `operators' in version `bold'
(Font)                  OT1/cmr/bx/n --> OT1/lmr/bx/n on input line 26.
LaTeX Font Info:    Overwriting symbol font `letters' in version `bold'
(Font)                  OML/cmm/b/it --> OML/lmm/b/it on input line 27.
LaTeX Font Info:    Overwriting symbol font `symbols' in version `bold'
(Font)                  OMS/cmsy/b/n --> OMS/lmsy/b/n on input line 28.
LaTeX Font Info:    Overwriting symbol font `largesymbols' in version `bold'
(Font)                  OMX/cmex/m/n --> OMX/lmex/m/n on input line 29.
LaTeX Font Info:    Overwriting math alphabet `\mathbf' in version `normal'
(Font)                  OT1/cmr/bx/n --> OT1/lmr/bx/n on input line 31.
LaTeX Font Info:    Overwriting math alphabet `\mathsf' in version `normal'
(Font)                  OT1/cmss/m/n --> OT1/lmss/m/n on input line 32.
LaTeX Font Info:    Overwriting math alphabet `\mathit' in version `normal'
(Font)                  OT1/cmr/m/it --> OT1/lmr/m/it on input line 33.
LaTeX Font Info:    Overwriting math alphabet `\mathtt' in version `normal'
(Font)                  OT1/cmtt/m/n --> OT1/lmtt/m/n on input line 34.
LaTeX Font Info:    Overwriting math alphabet `\mathbf' in version `bold'
(Font)                  OT1/cmr/bx/n --> OT1/lmr/bx/n on input line 35.
LaTeX Font Info:    Overwriting math alphabet `\mathsf' in version `bold'
(Font)                  OT1/cmss/bx/n --> OT1/lmss/bx/n on input line 36.
LaTeX Font Info:    Overwriting math alphabet `\mathit' in version `bold'
(Font)                  OT1/cmr/bx/it --> OT1/lmr/bx/it on input line 37.
LaTeX Font Info:    Overwriting math alphabet `\mathtt' in version `bold'
(Font)                  OT1/cmtt/m/n --> OT1/lmtt/m/n on input line 38.
)
(/usr/share/texlive/texmf-dist/tex/latex/upquote/upquote.sty
Package: upquote 2012/04/19 v1.3 upright-quote and grave-accent glyphs in verba
tim
)
(/usr/share/texlive/texmf-dist/tex/latex/microtype/microtype.sty
Package: microtype 2023/03/13 v3.1a Micro-typographical refinements (RS)

(/usr/share/texlive/texmf-dist/tex/latex/graphics/keyval.sty
Package: keyval 2022/05/29 v1.15 key=value parser (DPC)
\KV@toks@=\toks24
)
(/usr/share/texlive/texmf-dist/tex/latex/etoolbox/etoolbox.sty
Package: etoolbox 2020/10/05 v2.5k e-TeX tools for LaTeX (JAW)
\etb@tempcnta=\count273
)
\MT@toks=\toks25
\MT@tempbox=\box53
\MT@count=\count274
LaTeX Info: Redefining \noprotrusionifhmode on input line 1059.
LaTeX Info: Redefining \leftprotrusion on input line 1060.
\MT@prot@toks=\toks26
LaTeX Info: Redefining \rightprotrusion on input line 1078.
LaTeX Info: Redefining \textls on input line 1368.
\MT@outer@kern=\dimen150
LaTeX Info: Redefining \textmicrotypecontext on input line 1988.
\MT@listname@count=\count275

(/usr/share/texlive/texmf-dist/tex/latex/microtype/microtype-pdftex.def
File: microtype-pdftex.def 2023/03/13 v3.1a Definitions specific to pdftex (RS)

LaTeX Info: Redefining \lsstyle on input line 902.
LaTeX Info: Redefining \lslig on input line 902.
\MT@outer@space=\skip53
)
Package microtype Info: Loading configuration file microtype.cfg.

(/usr/share/texlive/texmf-dist/tex/latex/microtype/microtype.cfg
File: microtype.cfg 2023/03/13 v3.1a microtype main configuration file (RS)
))
(/usr/share/texlive/texmf-dist/tex/latex/parskip/parskip.sty
Package: parskip 2021-03-14 v2.0h non-zero parskip adjustments

(/usr/share/texlive/texmf-dist/tex/latex/kvoptions/kvoptions.sty
Package: kvoptions 2022-06-15 v3.15 Key value format for package options (HO)

(/usr/share/texlive/texmf-dist/tex/generic/ltxcmds/ltxcmds.sty
Package: ltxcmds 2023-12-04 v1.26 LaTeX kernel commands for general use (HO)
)
(/usr/share/texlive/texmf-dist/tex/latex/kvsetkeys/kvsetkeys.sty
Package: kvsetkeys 2022-10-05 v1.19 Key value parser (HO)
)))
(/usr/share/texlive/texmf-dist/tex/latex/xcolor/xcolor.sty
Package: xcolor 2023/11/15 v3.01 LaTeX color extensions (UK)

(/usr/share/texlive/texmf-dist/tex/latex/graphics-cfg/color.cfg
File: color.cfg 2016/01/02 v1.6 sample color configuration
)
Package xcolor Info: Driver file: pdftex.def on input line 274.

(/usr/share/texlive/texmf-dist/tex/latex/graphics-def/pdftex.def
File: pdftex.def 2022/09/22 v1.2b Graphics/color driver for pdftex
)
(/usr/share/texlive/texmf-dist/tex/latex/graphics/mathcolor.ltx)
Package xcolor Info: Model `cmy' substituted by `cmy0' on input line 1350.
Package xcolor Info: Model `hsb' substituted by `rgb' on input line 1354.
Package xcolor Info: Model `RGB' extended on input line 1366.
Package xcolor Info: Model `HTML' substituted by `rgb' on input line 1368.
Package xcolor Info: Model `Hsb' substituted by `hsb' on input line 1369.
Package xcolor Info: Model `tHsb' substituted by `hsb' on input line 1370.
Package xcolor Info: Model `HSB' substituted by `hsb' on input line 1371.
Package xcolor Info: Model `Gray' substituted by `gray' on input line 1372.
Package xcolor Info: Model `wave' substituted by `hsb' on input line 1373.
)
(/usr/share/texlive/texmf-dist/tex/latex/fancyvrb/fancyvrb.sty
Package: fancyvrb 2024/01/20 4.5c verbatim text (tvz,hv)
\FV@CodeLineNo=\count276
\FV@InFile=\read2
\FV@TabBox=\box54
\c@FancyVerbLine=\count277
\FV@StepNumber=\count278
\FV@OutFile=\write3
)
(/usr/share/texlive/texmf-dist/tex/latex/tools/longtable.sty
Package: longtable 2023-11-01 v4.19 Multi-page Table package (DPC)
\LTleft=\skip54
\LTright=\skip55
\LTpre=\skip56
\LTpost=\skip57
\LTchunksize=\count279
\LTcapwidth=\dimen151
\LT@head=\box55
\LT@firsthead=\box56
\LT@foot=\box57
\LT@lastfoot=\box58
\LT@gbox=\box59
\LT@cols=\count280
\LT@rows=\count281
\c@LT@tables=\count282
\c@LT@chunks=\count283
\LT@p@ftn=\toks27
)
(/usr/share/texlive/texmf-dist/tex/latex/booktabs/booktabs.sty
Package: booktabs 2020/01/12 v1.61803398 Publication quality tables
\heavyrulewidth=\dimen152
\lightrulewidth=\dimen153
\cmidrulewidth=\dimen154
\belowrulesep=\dimen155
\belowbottomsep=\dimen156
\aboverulesep=\dimen157
\abovetopsep=\dimen158
\cmidrulesep=\dimen159
\cmidrulekern=\dimen160
\defaultaddspace=\dimen161
\@cmidla=\count284
\@cmidlb=\count285
\@aboverulesep=\dimen162
\@belowrulesep=\dimen163
\@thisruleclass=\count286
\@lastruleclass=\count287
\@thisrulewidth=\dimen164
)
(/usr/share/texlive/texmf-dist/tex/latex/tools/array.sty
Package: array 2023/10/16 v2.5g Tabular extension package (FMi)
\col@sep=\dimen165
\ar@mcellbox=\box60
\extrarowheight=\dimen166
\NC@list=\toks28
\extratabsurround=\skip58
\backup@length=\skip59
\ar@cellbox=\box61
)
(/usr/share/texlive/texmf-dist/tex/latex/tools/calc.sty
Package: calc 2023/07/08 v4.3 Infix arithmetic (KKT,FJ)
\calc@Acount=\count288
\calc@Bcount=\count289
\calc@Adimen=\dimen167
\calc@Bdimen=\dimen168
\calc@Askip=\skip60
\calc@Bskip=\skip61
LaTeX Info: Redefining \setlength on input line 80.
LaTeX Info: Redefining \addtolength on input line 81.
\calc@Ccount=\count290
\calc@Cskip=\skip62
)
(/usr/share/texlive/texmf-dist/tex/latex/footnotehyper/footnotehyper.sty
Package: footnotehyper 2021/08/13 v1.1e hyperref aware footnote.sty (JFB)
\FNH@notes=\box62
\FNH@width=\dimen169
\FNH@toks=\toks29
)
(/usr/share/texlive/texmf-dist/tex/latex/graphics/graphicx.sty
Package: graphicx 2021/09/16 v1.2d Enhanced LaTeX Graphics (DPC,SPQR)

(/usr/share/texlive/texmf-dist/tex/latex/graphics/graphics.sty
Package: graphics 2022/03/10 v1.4e Standard LaTeX Graphics (DPC,SPQR)

(/usr/share/texlive/texmf-dist/tex/latex/graphics/trig.sty
Package: trig 2021/08/11 v1.11 sin cos tan (DPC)
)
(/usr/share/texlive/texmf-dist/tex/latex/graphics-cfg/graphics.cfg
File: graphics.cfg 2016/06/04 v1.11 sample graphics configuration
)
Package graphics Info: Driver file: pdftex.def on input line 107.
)
\Gin@req@height=\dimen170
\Gin@req@width=\dimen171
)
(/usr/share/texlive/texmf-dist/tex/latex/bookmark/bookmark.sty
Package: bookmark 2023-12-10 v1.31 PDF bookmarks (HO)

(/usr/share/texlive/texmf-dist/tex/latex/hyperref/hyperref.sty
Package: hyperref 2024-01-20 v7.01h Hypertext links for LaTeX

(/usr/share/texlive/texmf-dist/tex/generic/kvdefinekeys/kvdefinekeys.sty
Package: kvdefinekeys 2019-12-19 v1.6 Define keys (HO)
)
(/usr/share/texlive/texmf-dist/tex/generic/pdfescape/pdfescape.sty
Package: pdfescape 2019/12/09 v1.15 Implements pdfTeX's escape features (HO)

(/usr/share/texlive/texmf-dist/tex/generic/pdftexcmds/pdftexcmds.sty
Package: pdftexcmds 2020-06-27 v0.33 Utility functions of pdfTeX for LuaTeX (HO
)

(/usr/share/texlive/texmf-dist/tex/generic/infwarerr/infwarerr.sty
Package: infwarerr 2019/12/03 v1.5 Providing info/warning/error messages (HO)
)
Package pdftexcmds Info: \pdf@primitive is available.
Package pdftexcmds Info: \pdf@ifprimitive is available.
Package pdftexcmds Info: \pdfdraftmode found.
))
(/usr/share/texlive/texmf-dist/tex/latex/hycolor/hycolor.sty
Package: hycolor 2020-01-27 v1.10 Color options for hyperref/bookmark (HO)
)
(/usr/share/texlive/texmf-dist/tex/latex/auxhook/auxhook.sty
Package: auxhook 2019-12-17 v1.6 Hooks for auxiliary files (HO)
)
(/usr/share/texlive/texmf-dist/tex/latex/hyperref/nameref.sty
Package: nameref 2023-11-26 v2.56 Cross-referencing by name of section

(/usr/share/texlive/texmf-dist/tex/latex/refcount/refcount.sty
Package: refcount 2019/12/15 v3.6 Data extraction from label references (HO)
)
(/usr/share/texlive/texmf-dist/tex/generic/gettitlestring/gettitlestring.sty
Package: gettitlestring 2019/12/15 v1.6 Cleanup title references (HO)
)
\c@section@level=\count291
)
\@linkdim=\dimen172
\Hy@linkcounter=\count292
\Hy@pagecounter=\count293

(/usr/share/texlive/texmf-dist/tex/latex/hyperref/pd1enc.def
File: pd1enc.def 2024-01-20 v7.01h Hyperref: PDFDocEncoding definition (HO)
Now handling font encoding PD1 ...
... no UTF-8 mapping file for font encoding PD1
)
(/usr/share/texlive/texmf-dist/tex/generic/intcalc/intcalc.sty
Package: intcalc 2019/12/15 v1.3 Expandable calculations with integers (HO)
)
\Hy@SavedSpaceFactor=\count294

(/usr/share/texlive/texmf-dist/tex/latex/hyperref/puenc.def
File: puenc.def 2024-01-20 v7.01h Hyperref: PDF Unicode definition (HO)
Now handling font encoding PU ...
... no UTF-8 mapping file for font encoding PU
)
Package hyperref Info: Option `unicode' set `true' on input line 4062.
Package hyperref Info: Hyper figures OFF on input line 4179.
Package hyperref Info: Link nesting OFF on input line 4184.
Package hyperref Info: Hyper index ON on input line 4187.
Package hyperref Info: Plain pages OFF on input line 4194.
Package hyperref Info: Backreferencing OFF on input line 4199.
Package hyperref Info: Implicit mode ON; LaTeX internals redefined.
Package hyperref Info: Bookmarks ON on input line 4446.
\c@Hy@tempcnt=\count295

(/usr/share/texlive/texmf-dist/tex/latex/url/url.sty
\Urlmuskip=\muskip17
Package: url 2013/09/16  ver 3.4  Verb mode for urls, etc.
)
LaTeX Info: Redefining \url on input line 4784.
\XeTeXLinkMargin=\dimen173

(/usr/share/texlive/texmf-dist/tex/generic/bitset/bitset.sty
Package: bitset 2019/12/09 v1.3 Handle bit-vector datatype (HO)

(/usr/share/texlive/texmf-dist/tex/generic/bigintcalc/bigintcalc.sty
Package: bigintcalc 2019/12/15 v1.5 Expandable calculations on big integers (HO
)
))
\Fld@menulength=\count296
\Field@Width=\dimen174
\Fld@charsize=\dimen175
Package hyperref Info: Hyper figures OFF on input line 6063.
Package hyperref Info: Link nesting OFF on input line 6068.
Package hyperref Info: Hyper index ON on input line 6071.
Package hyperref Info: backreferencing OFF on input line 6078.
Package hyperref Info: Link coloring OFF on input line 6083.
Package hyperref Info: Link coloring with OCG OFF on input line 6088.
Package hyperref Info: PDF/A mode OFF on input line 6093.

(/usr/share/texlive/texmf-dist/tex/latex/base/atbegshi-ltx.sty
Package: atbegshi-ltx 2021/01/10 v1.0c Emulation of the original atbegshi
package with kernel methods
)
\Hy@abspage=\count297
\c@Item=\count298
\c@Hfootnote=\count299
)
Package hyperref Info: Driver (autodetected): hpdftex.

(/usr/share/texlive/texmf-dist/tex/latex/hyperref/hpdftex.def
File: hpdftex.def 2024-01-20 v7.01h Hyperref driver for pdfTeX

(/usr/share/texlive/texmf-dist/tex/latex/base/atveryend-ltx.sty
Package: atveryend-ltx 2020/08/19 v1.0a Emulation of the original atveryend pac
kage
with kernel methods
)
\Fld@listcount=\count300
\c@bookmark@seq@number=\count301

(/usr/share/texlive/texmf-dist/tex/latex/rerunfilecheck/rerunfilecheck.sty
Package: rerunfilecheck 2022-07-10 v1.10 Rerun checks for auxiliary files (HO)

(/usr/share/texlive/texmf-dist/tex/generic/uniquecounter/uniquecounter.sty
Package: uniquecounter 2019/12/15 v1.4 Provide unlimited unique counter (HO)
)
Package uniquecounter Info: New unique counter `rerunfilecheck' on input line 2
85.
)
\Hy@SectionHShift=\skip63
)
(/usr/share/texlive/texmf-dist/tex/latex/bookmark/bkm-pdftex.def
File: bkm-pdftex.def 2023-12-10 v1.31 bookmark driver for pdfTeX and luaTeX (HO
)
\BKM@id=\count302
))
(/usr/share/texlive/texmf-dist/tex/latex/xurl/xurl.sty
Package: xurl 2022/01/09 v 0.10 modify URL breaks
)
LaTeX Font Info:    Trying to load font information for T1+lmr on input line 11
7.

(/usr/share/texmf/tex/latex/lm/t1lmr.fd
File: t1lmr.fd 2015/05/01 v1.6.1 Font defs for Latin Modern
)
(/usr/share/texlive/texmf-dist/tex/latex/l3backend/l3backend-pdftex.def
File: l3backend-pdftex.def 2024-01-04 L3 backend support: PDF output (pdfTeX)
\l__color_backend_stack_int=\count303
\l__pdf_internal_box=\box63
)
(./MCM_2026_Problem_A_Solution.aux)
\openout1 = `MCM_2026_Problem_A_Solution.aux'.

LaTeX Font Info:    Checking defaults for OML/cmm/m/it on input line 117.
LaTeX Font Info:    ... okay on input line 117.
LaTeX Font Info:    Checking defaults for OMS/cmsy/m/n on input line 117.
LaTeX Font Info:    ... okay on input line 117.
LaTeX Font Info:    Checking defaults for OT1/cmr/m/n on input line 117.
LaTeX Font Info:    ... okay on input line 117.
LaTeX Font Info:    Checking defaults for T1/cmr/m/n on input line 117.
LaTeX Font Info:    ... okay on input line 117.
LaTeX Font Info:    Checking defaults for TS1/cmr/m/n on input line 117.
LaTeX Font Info:    ... okay on input line 117.
LaTeX Font Info:    Checking defaults for OMX/cmex/m/n on input line 117.
LaTeX Font Info:    ... okay on input line 117.
LaTeX Font Info:    Checking defaults for U/cmr/m/n on input line 117.
LaTeX Font Info:    ... okay on input line 117.
LaTeX Font Info:    Checking defaults for PD1/pdf/m/n on input line 117.
LaTeX Font Info:    ... okay on input line 117.
LaTeX Font Info:    Checking defaults for PU/pdf/m/n on input line 117.
LaTeX Font Info:    ... okay on input line 117.
LaTeX Info: Redefining \microtypecontext on input line 117.
Package microtype Info: Applying patch `item' on input line 117.
Package microtype Info: Applying patch `toc' on input line 117.
Package microtype Info: Applying patch `eqnum' on input line 117.
Package microtype Info: Applying patch `footnote' on input line 117.
Package microtype Info: Applying patch `verbatim' on input line 117.
Package microtype Info: Generating PDF output.
Package microtype Info: Character protrusion enabled (level 2).
Package microtype Info: Using protrusion set `basicmath'.
Package microtype Info: Automatic font expansion enabled (level 2),
(microtype)             stretch: 20, shrink: 20, step: 1, non-selected.
Package microtype Info: Using default expansion set `alltext-nott'.
LaTeX Info: Redefining \showhyphens on input line 117.
Package microtype Info: No adjustment of tracking.
Package microtype Info: No adjustment of interword spacing.
Package microtype Info: No adjustment of character kerning.

(/usr/share/texlive/texmf-dist/tex/latex/microtype/mt-cmr.cfg
File: mt-cmr.cfg 2013/05/19 v2.2 microtype config. file: Computer Modern Roman 
(RS)
)
(/usr/share/texlive/texmf-dist/tex/context/base/mkii/supp-pdf.mkii
[Loading MPS to PDF converter (version 2006.09.02).]
\scratchcounter=\count304
\scratchdimen=\dimen176
\scratchbox=\box64
\nofMPsegments=\count305
\nofMParguments=\count306
\everyMPshowfont=\toks30
\MPscratchCnt=\count307
\MPscratchDim=\dimen177
\MPnumerator=\count308
\makeMPintoPDFobject=\count309
\everyMPtoPDFconversion=\toks31
) (/usr/share/texlive/texmf-dist/tex/latex/epstopdf-pkg/epstopdf-base.sty
Package: epstopdf-base 2020-01-24 v2.11 Base part for package epstopdf
Package epstopdf-base Info: Redefining graphics rule for `.eps' on input line 4
85.

(/usr/share/texlive/texmf-dist/tex/latex/latexconfig/epstopdf-sys.cfg
File: epstopdf-sys.cfg 2010/07/13 v1.3 Configuration of (r)epstopdf for TeX Liv
e
))
Package hyperref Info: Link coloring OFF on input line 117.


! LaTeX Error: Unicode character 能 (U+80FD)
               not set up for use with LaTeX.

See the LaTeX manual or LaTeX Companion for explanation.
Type  H <return>  for immediate help.
 ...                                              
                                                  
l.142 SOC = E\_remaining/E\_total (能
                                      量比值), not charge ratio 2.
You may provide a definition with
\DeclareUnicodeCharacter 


! LaTeX Error: Unicode character 量 (U+91CF)
               not set up for use with LaTeX.

See the LaTeX manual or LaTeX Companion for explanation.
Type  H <return>  for immediate help.
 ...                                              
                                                  
l.142 SOC = E\_remaining/E\_total (能量
                                         比值), not charge ratio 2.
You may provide a definition with
\DeclareUnicodeCharacter 


! LaTeX Error: Unicode character 比 (U+6BD4)
               not set up for use with LaTeX.

See the LaTeX manual or LaTeX Companion for explanation.
Type  H <return>  for immediate help.
 ...                                              
                                                  
l.142 SOC = E\_remaining/E\_total (能量比
                                            值), not charge ratio 2.
You may provide a definition with
\DeclareUnicodeCharacter 


! LaTeX Error: Unicode character 值 (U+503C)
               not set up for use with LaTeX.

See the LaTeX manual or LaTeX Companion for explanation.
Type  H <return>  for immediate help.
 ...                                              
                                                  
l.142 SOC = E\_remaining/E\_total (能量比值
                                               ), not charge ratio 2.
You may provide a definition with
\DeclareUnicodeCharacter 

LaTeX Font Info:    Trying to load font information for OT1+lmr on input line 1
46.
(/usr/share/texmf/tex/latex/lm/ot1lmr.fd
File: ot1lmr.fd 2015/05/01 v1.6.1 Font defs for Latin Modern
)
LaTeX Font Info:    Trying to load font information for OML+lmm on input line 1
46.

(/usr/share/texmf/tex/latex/lm/omllmm.fd
File: omllmm.fd 2015/05/01 v1.6.1 Font defs for Latin Modern
)
LaTeX Font Info:    Trying to load font information for OMS+lmsy on input line 
146.

(/usr/share/texmf/tex/latex/lm/omslmsy.fd
File: omslmsy.fd 2015/05/01 v1.6.1 Font defs for Latin Modern
)
LaTeX Font Info:    Trying to load font information for OMX+lmex on input line 
146.

(/usr/share/texmf/tex/latex/lm/omxlmex.fd
File: omxlmex.fd 2015/05/01 v1.6.1 Font defs for Latin Modern
)
LaTeX Font Info:    External font `lmex10' loaded for size
(Font)              <10> on input line 146.
LaTeX Font Info:    External font `lmex10' loaded for size
(Font)              <7> on input line 146.
LaTeX Font Info:    External font `lmex10' loaded for size
(Font)              <5> on input line 146.
LaTeX Font Info:    Trying to load font information for U+msa on input line 146
.

(/usr/share/texlive/texmf-dist/tex/latex/amsfonts/umsa.fd
File: umsa.fd 2013/01/14 v3.01 AMS symbols A
)
(/usr/share/texlive/texmf-dist/tex/latex/microtype/mt-msa.cfg
File: mt-msa.cfg 2006/02/04 v1.1 microtype config. file: AMS symbols (a) (RS)
)
LaTeX Font Info:    Trying to load font information for U+msb on input line 146
.

(/usr/share/texlive/texmf-dist/tex/latex/amsfonts/umsb.fd
File: umsb.fd 2013/01/14 v3.01 AMS symbols B
)
(/usr/share/texlive/texmf-dist/tex/latex/microtype/mt-msb.cfg
File: mt-msb.cfg 2005/06/01 v1.0 microtype config. file: AMS symbols (b) (RS)
)
LaTeX Font Info:    Trying to load font information for TS1+lmr on input line 1
51.

(/usr/share/texmf/tex/latex/lm/ts1lmr.fd
File: ts1lmr.fd 2015/05/01 v1.6.1 Font defs for Latin Modern
)

! LaTeX Error: Unicode character 能 (U+80FD)
               not set up for use with LaTeX.

See the LaTeX manual or LaTeX Companion for explanation.
Type  H <return>  for immediate help.
 ...                                              
                                                  
l.169 (能
          量比值，不是电荷比值).
You may provide a definition with
\DeclareUnicodeCharacter 


! LaTeX Error: Unicode character 量 (U+91CF)
               not set up for use with LaTeX.

See the LaTeX manual or LaTeX Companion for explanation.
Type  H <return>  for immediate help.
 ...                                              
                                                  
l.169 (能量
             比值，不是电荷比值).
You may provide a definition with
\DeclareUnicodeCharacter 


! LaTeX Error: Unicode character 比 (U+6BD4)
               not set up for use with LaTeX.

See the LaTeX manual or LaTeX Companion for explanation.
Type  H <return>  for immediate help.
 ...                                              
                                                  
l.169 (能量比
                值，不是电荷比值).
You may provide a definition with
\DeclareUnicodeCharacter 


! LaTeX Error: Unicode character 值 (U+503C)
               not set up for use with LaTeX.

See the LaTeX manual or LaTeX Companion for explanation.
Type  H <return>  for immediate help.
 ...                                              
                                                  
l.169 (能量比值
                   ，不是电荷比值).
You may provide a definition with
\DeclareUnicodeCharacter 


! LaTeX Error: Unicode character ， (U+FF0C)
               not set up for use with LaTeX.

See the LaTeX manual or LaTeX Companion for explanation.
Type  H <return>  for immediate help.
 ...                                              
                                                  
l.169 (能量比值，
                      不是电荷比值).
You may provide a definition with
\DeclareUnicodeCharacter 


! LaTeX Error: Unicode character 不 (U+4E0D)
               not set up for use with LaTeX.

See the LaTeX manual or LaTeX Companion for explanation.
Type  H <return>  for immediate help.
 ...                                              
                                                  
l.169 (能量比值，不
                         是电荷比值).
You may provide a definition with
\DeclareUnicodeCharacter 


! LaTeX Error: Unicode character 是 (U+662F)
               not set up for use with LaTeX.

See the LaTeX manual or LaTeX Companion for explanation.
Type  H <return>  for immediate help.
 ...                                              
                                                  
l.169 (能量比值，不是
                            电荷比值).
You may provide a definition with
\DeclareUnicodeCharacter 


! LaTeX Error: Unicode character 电 (U+7535)
               not set up for use with LaTeX.

See the LaTeX manual or LaTeX Companion for explanation.
Type  H <return>  for immediate help.
 ...                                              
                                                  
l.169 (能量比值，不是电
                               荷比值).
You may provide a definition with
\DeclareUnicodeCharacter 


! LaTeX Error: Unicode character 荷 (U+8377)
               not set up for use with LaTeX.

See the LaTeX manual or LaTeX Companion for explanation.
Type  H <return>  for immediate help.
 ...                                              
                                                  
l.169 (能量比值，不是电荷
                                  比值).
You may provide a definition with
\DeclareUnicodeCharacter 


! LaTeX Error: Unicode character 比 (U+6BD4)
               not set up for use with LaTeX.

See the LaTeX manual or LaTeX Companion for explanation.
Type  H <return>  for immediate help.
 ...                                              
                                                  
l.169 (能量比值，不是电荷比
                                     值).
You may provide a definition with
\DeclareUnicodeCharacter 


! LaTeX Error: Unicode character 值 (U+503C)
               not set up for use with LaTeX.

See the LaTeX manual or LaTeX Companion for explanation.
Type  H <return>  for immediate help.
 ...                                              
                                                  
l.169 (能量比值，不是电荷比值
                                        ).
You may provide a definition with
\DeclareUnicodeCharacter 

No file MCM_2026_Problem_A_Solution.toc.
\tf@toc=\write4
\openout4 = `MCM_2026_Problem_A_Solution.toc'.

[1

{/var/lib/texmf/fonts/map/pdftex/updmap/pdftex.map}{/usr/share/texmf/fonts/enc/
dvips/lm/lm-ec.enc}{/usr/share/texmf/fonts/enc/dvips/lm/lm-mathit.enc}{/usr/sha
re/texmf/fonts/enc/dvips/lm/lm-rm.enc}{/usr/share/texmf/fonts/enc/dvips/lm/lm-m
athsy.enc}{/usr/share/texmf/fonts/enc/dvips/lm/lm-ts1.enc}] [2] [3]
LaTeX Font Info:    Trying to load font information for T1+lmtt on input line 2
76.

(/usr/share/texmf/tex/latex/lm/t1lmtt.fd
File: t1lmtt.fd 2015/05/01 v1.6.1 Font defs for Latin Modern
) [4]
Underfull \hbox (badness 2443) in paragraph at lines 368--371
[]\T1/lmr/bx/n/10 (+20) Use data-driven pa-ram-e-ters\T1/lmr/m/n/10 (+20) : De-
rive com-po-nent power from
 []

[5] [6]
<pictures/flowimage.png, id=77, 1027.84pt x 1027.84pt>
File: pictures/flowimage.png Graphic file (type png)
<use pictures/flowimage.png>
Package pdftex.def Info: pictures/flowimage.png  used on input line 467.
(pdftex.def)             Requested size: 345.00685pt x 345.00685pt.


! LaTeX Error: Unicode character 能 (U+80FD)
               not set up for use with LaTeX.

See the LaTeX manual or LaTeX Companion for explanation.
Type  H <return>  for immediate help.
 ...                                              
                                                  
l.481 (能
          量比值，不是电荷比值):
You may provide a definition with
\DeclareUnicodeCharacter 


! LaTeX Error: Unicode character 量 (U+91CF)
               not set up for use with LaTeX.

See the LaTeX manual or LaTeX Companion for explanation.
Type  H <return>  for immediate help.
 ...                                              
                                                  
l.481 (能量
             比值，不是电荷比值):
You may provide a definition with
\DeclareUnicodeCharacter 


! LaTeX Error: Unicode character 比 (U+6BD4)
               not set up for use with LaTeX.

See the LaTeX manual or LaTeX Companion for explanation.
Type  H <return>  for immediate help.
 ...                                              
                                                  
l.481 (能量比
                值，不是电荷比值):
You may provide a definition with
\DeclareUnicodeCharacter 


! LaTeX Error: Unicode character 值 (U+503C)
               not set up for use with LaTeX.

See the LaTeX manual or LaTeX Companion for explanation.
Type  H <return>  for immediate help.
 ...                                              
                                                  
l.481 (能量比值
                   ，不是电荷比值):
You may provide a definition with
\DeclareUnicodeCharacter 


! LaTeX Error: Unicode character ， (U+FF0C)
               not set up for use with LaTeX.

See the LaTeX manual or LaTeX Companion for explanation.
Type  H <return>  for immediate help.
 ...                                              
                                                  
l.481 (能量比值，
                      不是电荷比值):
You may provide a definition with
\DeclareUnicodeCharacter 


! LaTeX Error: Unicode character 不 (U+4E0D)
               not set up for use with LaTeX.

See the LaTeX manual or LaTeX Companion for explanation.
Type  H <return>  for immediate help.
 ...                                              
                                                  
l.481 (能量比值，不
                         是电荷比值):
You may provide a definition with
\DeclareUnicodeCharacter 


! LaTeX Error: Unicode character 是 (U+662F)
               not set up for use with LaTeX.

See the LaTeX manual or LaTeX Companion for explanation.
Type  H <return>  for immediate help.
 ...                                              
                                                  
l.481 (能量比值，不是
                            电荷比值):
You may provide a definition with
\DeclareUnicodeCharacter 


! LaTeX Error: Unicode character 电 (U+7535)
               not set up for use with LaTeX.

See the LaTeX manual or LaTeX Companion for explanation.
Type  H <return>  for immediate help.
 ...                                              
                                                  
l.481 (能量比值，不是电
                               荷比值):
You may provide a definition with
\DeclareUnicodeCharacter 


! LaTeX Error: Unicode character 荷 (U+8377)
               not set up for use with LaTeX.

See the LaTeX manual or LaTeX Companion for explanation.
Type  H <return>  for immediate help.
 ...                                              
                                                  
l.481 (能量比值，不是电荷
                                  比值):
You may provide a definition with
\DeclareUnicodeCharacter 


! LaTeX Error: Unicode character 比 (U+6BD4)
               not set up for use with LaTeX.

See the LaTeX manual or LaTeX Companion for explanation.
Type  H <return>  for immediate help.
 ...                                              
                                                  
l.481 (能量比值，不是电荷比
                                     值):
You may provide a definition with
\DeclareUnicodeCharacter 


! LaTeX Error: Unicode character 值 (U+503C)
               not set up for use with LaTeX.

See the LaTeX manual or LaTeX Companion for explanation.
Type  H <return>  for immediate help.
 ...                                              
                                                  
l.481 (能量比值，不是电荷比值
                                        ):
You may provide a definition with
\DeclareUnicodeCharacter 

[7] [8 <./pictures/flowimage.png>]

Package longtable Warning: Column widths have changed
(longtable)                in table 4 on input line 530.

[9]
<pictures/zenodo_brightness_power.png, id=101, 1000.6986pt x 350.7504pt>
File: pictures/zenodo_brightness_power.png Graphic file (type png)
<use pictures/zenodo_brightness_power.png>
Package pdftex.def Info: pictures/zenodo_brightness_power.png  used on input li
ne 608.
(pdftex.def)             Requested size: 344.99707pt x 120.92339pt.
 [10] [11 <./pictures/zenodo_brightness_power.png>]
<pictures/zenodo_cpu_frequency_power.png, id=118, 999.2532pt x 348.3414pt>
File: pictures/zenodo_cpu_frequency_power.png Graphic file (type png)
<use pictures/zenodo_cpu_frequency_power.png>
Package pdftex.def Info: pictures/zenodo_cpu_frequency_power.png  used on input
 line 660.
(pdftex.def)             Requested size: 344.98668pt x 120.26295pt.


Package longtable Warning: Column widths have changed
(longtable)                in table 6 on input line 698.

<pictures/zenodo_component_breakdown.png, id=119, 1013.2254pt x 424.4658pt>
File: pictures/zenodo_component_breakdown.png Graphic file (type png)
<use pictures/zenodo_component_breakdown.png>
Package pdftex.def Info: pictures/zenodo_component_breakdown.png  used on input
 line 702.
(pdftex.def)             Requested size: 344.98682pt x 144.52371pt.
[12 <./pictures/zenodo_cpu_frequency_power.png>] [13{/usr/share/texmf/fonts/enc
/dvips/lm/lm-mathex.enc} <./pictures/zenodo_component_breakdown.png>]

Package longtable Warning: Column widths have changed
(longtable)                in table 7 on input line 767.

<pictures/zenodo_aging_effects.png, id=147, 1000.6986pt x 350.7504pt>
File: pictures/zenodo_aging_effects.png Graphic file (type png)
<use pictures/zenodo_aging_effects.png>
Package pdftex.def Info: pictures/zenodo_aging_effects.png  used on input line 
787.
(pdftex.def)             Requested size: 344.99707pt x 120.92339pt.

Package longtable Warning: Column widths have changed
(longtable)                in table 8 on input line 812.

[14 <./pictures/zenodo_aging_effects.png>]
<pictures/zenodo_battery_life_vs_aging.png, id=158, 985.281pt x 350.2686pt>
File: pictures/zenodo_battery_life_vs_aging.png Graphic file (type png)
<use pictures/zenodo_battery_life_vs_aging.png>
Package pdftex.def Info: pictures/zenodo_battery_life_vs_aging.png  used on inp
ut line 820.
(pdftex.def)             Requested size: 345.00386pt x 122.64929pt.


Package longtable Warning: Column widths have changed
(longtable)                in table 9 on input line 842.


! LaTeX Error: Unicode character 能 (U+80FD)
               not set up for use with LaTeX.

See the LaTeX manual or LaTeX Companion for explanation.
Type  H <return>  for immediate help.
 ...                                              
                                                  
l.857 (能
          量比值):
You may provide a definition with
\DeclareUnicodeCharacter 


! LaTeX Error: Unicode character 量 (U+91CF)
               not set up for use with LaTeX.

See the LaTeX manual or LaTeX Companion for explanation.
Type  H <return>  for immediate help.
 ...                                              
                                                  
l.857 (能量
             比值):
You may provide a definition with
\DeclareUnicodeCharacter 


! LaTeX Error: Unicode character 比 (U+6BD4)
               not set up for use with LaTeX.

See the LaTeX manual or LaTeX Companion for explanation.
Type  H <return>  for immediate help.
 ...                                              
                                                  
l.857 (能量比
                值):
You may provide a definition with
\DeclareUnicodeCharacter 


! LaTeX Error: Unicode character 值 (U+503C)
               not set up for use with LaTeX.

See the LaTeX manual or LaTeX Companion for explanation.
Type  H <return>  for immediate help.
 ...                                              
                                                  
l.857 (能量比值
                   ):
You may provide a definition with
\DeclareUnicodeCharacter 

[15 <./pictures/zenodo_battery_life_vs_aging.png>]

! LaTeX Error: Unicode character ⁻ (U+207B)
               not set up for use with LaTeX.

See the LaTeX manual or LaTeX Companion for explanation.
Type  H <return>  for immediate help.
 ...                                              
                                                  
l.867 ...ions) - \(k_{self} \approx 0.00005\) h⁻
                                                  ¹ (self-discharge rate)
You may provide a definition with
\DeclareUnicodeCharacter 


Underfull \hbox (badness 1033) in paragraph at lines 861--868
[]\T1/lmr/m/n/10 (+20) where: - $\OML/lmm/m/it/10 SOC \OT1/lmr/m/n/10 (+20) = \
OML/lmm/m/it/10 E[]=E[]$ \T1/lmr/m/n/10 (+20) (en-ergy ra-tio, not charge ra-ti
o) -
 []


Underfull \hbox (badness 2318) in paragraph at lines 861--868
\OML/lmm/m/it/10 E[]\OT1/lmr/m/n/10 (+20) (\OML/lmm/m/it/10 T; n\OT1/lmr/m/n/10
 (+20) ) = \OML/lmm/m/it/10 V[] \OMS/lmsy/m/n/10 ^^A \OML/lmm/m/it/10 Q[]\OT1/l
mr/m/n/10 (+20) (\OML/lmm/m/it/10 T; n\OT1/lmr/m/n/10 (+20) )$ \T1/lmr/m/n/10 (
+20) (en-ergy ca-pac-ity in Wh)
 []


Underfull \hbox (badness 2443) in paragraph at lines 861--868
\T1/lmr/m/n/10 (+20) - $\OML/lmm/m/it/10 P[]\OT1/lmr/m/n/10 (+20) (\OML/lmm/m/i
t/10 t; T\OT1/lmr/m/n/10 (+20) )$ \T1/lmr/m/n/10 (+20) = to-tal power with ther
-mal throt-tling and BMS lim-it-
 []

LaTeX Font Info:    Font shape `T1/lmtt/bx/n' in size <10> not available
(Font)              Font shape `T1/lmtt/b/n' tried instead on input line 897.

! LaTeX Error: Unicode character 能 (U+80FD)
               not set up for use with LaTeX.

See the LaTeX manual or LaTeX Companion for explanation.
Type  H <return>  for immediate help.
 ...                                              
                                                  
l.912 energy ratio (能
                       量比值).
You may provide a definition with
\DeclareUnicodeCharacter 


! LaTeX Error: Unicode character 量 (U+91CF)
               not set up for use with LaTeX.

See the LaTeX manual or LaTeX Companion for explanation.
Type  H <return>  for immediate help.
 ...                                              
                                                  
l.912 energy ratio (能量
                          比值).
You may provide a definition with
\DeclareUnicodeCharacter 


! LaTeX Error: Unicode character 比 (U+6BD4)
               not set up for use with LaTeX.

See the LaTeX manual or LaTeX Companion for explanation.
Type  H <return>  for immediate help.
 ...                                              
                                                  
l.912 energy ratio (能量比
                             值).
You may provide a definition with
\DeclareUnicodeCharacter 


! LaTeX Error: Unicode character 值 (U+503C)
               not set up for use with LaTeX.

See the LaTeX manual or LaTeX Companion for explanation.
Type  H <return>  for immediate help.
 ...                                              
                                                  
l.912 energy ratio (能量比值
                                ).
You may provide a definition with
\DeclareUnicodeCharacter 

[16]
Overfull \hbox (1.80048pt too wide) in alignment at lines 930--940
 [] [] [] 
 []


Overfull \hbox (1.80048pt too wide) in alignment at lines 940--942
 [] [] [] 
 []


Package longtable Warning: Column widths have changed
(longtable)                in table 10 on input line 950.


Overfull \hbox (17.99962pt too wide) in alignment at lines 965--973
 [] [] [] [] 
 []


Package longtable Warning: Column widths have changed
(longtable)                in table 11 on input line 973.


Underfull \hbox (badness 3168) in paragraph at lines 979--981
\T1/lmr/m/n/10 (+20) The com-bined dataset pro-vides di-rect val-i-da-tion thro
ugh \T1/lmr/bx/n/10 (+20) cal-cu-lated
 []


Overfull \hbox (35.8326pt too wide) in alignment at lines 982--986
 [] [] [] [] 
 []


Overfull \hbox (35.8326pt too wide) in alignment at lines 986--988
 [] [] [] [] 
 []


Package longtable Warning: Column widths have changed
(longtable)                in table 12 on input line 995.

File: pictures/zenodo_battery_life_vs_aging.png Graphic file (type png)
<use pictures/zenodo_battery_life_vs_aging.png>
Package pdftex.def Info: pictures/zenodo_battery_life_vs_aging.png  used on inp
ut line 999.
(pdftex.def)             Requested size: 345.00386pt x 122.64929pt.
[17]
Overfull \hbox (5.99924pt too wide) in alignment at lines 1038--1043
 [] [] [] 
 []


Package longtable Warning: Column widths have changed
(longtable)                in table 13 on input line 1043.


Overfull \hbox (0.80655pt too wide) in paragraph at lines 1071--1071
[]|\T1/lmr/m/n/10 (-20) 0.29%/cycle|  
 []

[18]
<pictures/nasa_capacity_fade.png, id=207, 1003.1076pt x 713.064pt>
File: pictures/nasa_capacity_fade.png Graphic file (type png)
<use pictures/nasa_capacity_fade.png>
Package pdftex.def Info: pictures/nasa_capacity_fade.png  used on input line 10
81.
(pdftex.def)             Requested size: 345.00107pt x 245.24571pt.


! LaTeX Error: Unicode character ✓ (U+2713)
               not set up for use with LaTeX.

See the LaTeX manual or LaTeX Companion for explanation.
Type  H <return>  for immediate help.
 ...                                              
                                                  
l.1099 ...g & \textbf{4.4 hours} & 4-6 hours & ✓
                                                   \\
You may provide a definition with
\DeclareUnicodeCharacter 


! LaTeX Error: Unicode character ✓ (U+2713)
               not set up for use with LaTeX.

See the LaTeX manual or LaTeX Companion for explanation.
Type  H <return>  for immediate help.
 ...                                              
                                                  
l.1100 ...ng (heavy) & 6.0 hours & 5-7 hours & ✓
                                                   \\
You may provide a definition with
\DeclareUnicodeCharacter 


! LaTeX Error: Unicode character ✓ (U+2713)
               not set up for use with LaTeX.

See the LaTeX manual or LaTeX Companion for explanation.
Type  H <return>  for immediate help.
 ...                                              
                                                  
l.1101 Navigation & 6.5 hours & 4-6 hours & ✓
                                                \\
You may provide a definition with
\DeclareUnicodeCharacter 


! LaTeX Error: Unicode character ✓ (U+2713)
               not set up for use with LaTeX.

See the LaTeX manual or LaTeX Companion for explanation.
Type  H <return>  for immediate help.
 ...                                              
                                                  
l.1102 Light use & 18.2 hours & 15-18 hours & ✓
                                                  \\
You may provide a definition with
\DeclareUnicodeCharacter 


! LaTeX Error: Unicode character ✓ (U+2713)
               not set up for use with LaTeX.

See the LaTeX manual or LaTeX Companion for explanation.
Type  H <return>  for immediate help.
 ...                                              
                                                  
l.1103 Idle & 48.6 hours & 24-48 hours & ✓
                                             \\
You may provide a definition with
\DeclareUnicodeCharacter 


Package longtable Warning: Column widths have changed
(longtable)                in table 15 on input line 1104.


Overfull \hbox (9.89075pt too wide) in paragraph at lines 1106--1113
[]\T1/lmr/bx/n/10 (-20) Model val-i-da-tion\T1/lmr/m/n/10 (-20) : The pre-dic-t
ions above are gen-er-ated by \T1/lmtt/m/n/10 run_mcm_analysis.py
 []

[19 <./pictures/nasa_capacity_fade.png>]
Underfull \hbox (badness 7256) in paragraph at lines 1162--1164
\T1/lmr/m/n/10 (+20) Six rep-re-sen-ta-tive us-age sce-nar-ios with pre-dic-tio
ns \T1/lmr/bx/n/10 (+20) gen-er-ated by
 []


! LaTeX Error: Unicode character ✓ (U+2713)
               not set up for use with LaTeX.

See the LaTeX manual or LaTeX Companion for explanation.
Type  H <return>  for immediate help.
 ...                                              
                                                  
l.1187 ...und & \textbf{334} & \textbf{48.6} & ✓
                                                  
You may provide a definition with
\DeclareUnicodeCharacter 


! LaTeX Error: Unicode character ✓ (U+2713)
               not set up for use with LaTeX.

See the LaTeX manual or LaTeX Companion for explanation.
Type  H <return>  for immediate help.
 ...                                              
                                                  
l.1189 ...ges & \textbf{894} & \textbf{18.2} & ✓
                                                  
You may provide a definition with
\DeclareUnicodeCharacter 


! LaTeX Error: Unicode character ✓ (U+2713)
               not set up for use with LaTeX.

See the LaTeX manual or LaTeX Companion for explanation.
Type  H <return>  for immediate help.
 ...                                              
                                                  
l.1191 ...g & \textbf{1,599} & \textbf{10.2} & ✓
                                                  
You may provide a definition with
\DeclareUnicodeCharacter 


! LaTeX Error: Unicode character ✓ (U+2713)
               not set up for use with LaTeX.

See the LaTeX manual or LaTeX Companion for explanation.
Type  H <return>  for immediate help.
 ...                                              
                                                  
l.1193 ...ar & \textbf{2,697} & \textbf{6.0} & ✓
                                                  
You may provide a definition with
\DeclareUnicodeCharacter 


Overfull \hbox (5.04868pt too wide) in paragraph at lines 1195--1195
[]|\T1/lmr/m/n/10 (-20) navigation|  
 []


! LaTeX Error: Unicode character ✓ (U+2713)
               not set up for use with LaTeX.

See the LaTeX manual or LaTeX Companion for explanation.
Type  H <return>  for immediate help.
 ...                                              
                                                  
l.1195 ...ar & \textbf{2,482} & \textbf{6.5} & ✓
                                                  
You may provide a definition with
\DeclareUnicodeCharacter 


! LaTeX Error: Unicode character ✓ (U+2713)
               not set up for use with LaTeX.

See the LaTeX manual or LaTeX Companion for explanation.
Type  H <return>  for immediate help.
 ...                                              
                                                  
l.1197 ...ad & \textbf{3,670} & \textbf{4.4} & ✓
                                                   In
You may provide a definition with
\DeclareUnicodeCharacter 

[20]
<pictures/mcm_discharge_curves.png, id=230, 1005.5166pt x 427.3566pt>
File: pictures/mcm_discharge_curves.png Graphic file (type png)
<use pictures/mcm_discharge_curves.png>
Package pdftex.def Info: pictures/mcm_discharge_curves.png  used on input line 
1211.
(pdftex.def)             Requested size: 345.00108pt x 146.62958pt.
 [21 <./pictures/mcm_discharge_curves.png>]
<pictures/scenario_switching_discharge.png, id=240, 1140.9024pt x 856.6404pt>
File: pictures/scenario_switching_discharge.png Graphic file (type png)
<use pictures/scenario_switching_discharge.png>
Package pdftex.def Info: pictures/scenario_switching_discharge.png  used on inp
ut line 1294.
(pdftex.def)             Requested size: 345.00653pt x 259.04628pt.
 [22] [23 <./pictures/scenario_switching_discharge.png>]

Package longtable Warning: Column widths have changed
(longtable)                in table 19 on input line 1370.

[24]
<pictures/mcm_component_breakdown.png, id=276, 686.565pt x 569.9694pt>
File: pictures/mcm_component_breakdown.png Graphic file (type png)
<use pictures/mcm_component_breakdown.png>
Package pdftex.def Info: pictures/mcm_component_breakdown.png  used on input li
ne 1374.
(pdftex.def)             Requested size: 344.99974pt x 286.41031pt.
 [25 <./pictures/mcm_component_breakdown.png>]

Package longtable Warning: Column widths have changed
(longtable)                in table 20 on input line 1414.

<pictures/mcm_sensitivity_analysis.png, id=290, 859.0494pt x 712.1004pt>
File: pictures/mcm_sensitivity_analysis.png Graphic file (type png)
<use pictures/mcm_sensitivity_analysis.png>
Package pdftex.def Info: pictures/mcm_sensitivity_analysis.png  used on input l
ine 1444.
(pdftex.def)             Requested size: 345.00311pt x 285.98688pt.

Package longtable Warning: Column widths have changed
(longtable)                in table 21 on input line 1466.

[26]

Package longtable Warning: Column widths have changed
(longtable)                in table 24 on input line 1532.

[27] [28 <./pictures/mcm_sensitivity_analysis.png>]
<pictures/optimization_impact.png, id=323, 860.9766pt x 423.984pt>
File: pictures/optimization_impact.png Graphic file (type png)
<use pictures/optimization_impact.png>
Package pdftex.def Info: pictures/optimization_impact.png  used on input line 1
589.
(pdftex.def)             Requested size: 345.002pt x 169.89465pt.
 [29 <./pictures/optimization_impact.png>]

Package longtable Warning: Column widths have changed
(longtable)                in table 26 on input line 1667.


Underfull \hbox (badness 1789) in paragraph at lines 1671--1671
[][]\T1/lmr/bx/n/12 (+20) 8.2 For Op-er-at-ing Sys-tem De-vel-op-ers (In-formed
 by
 []

[30]

Package longtable Warning: Column widths have changed
(longtable)                in table 27 on input line 1730.

[31]
Runaway argument?
{\begin {center}\rule {0.5\linewidth }{0.5pt}\end {center} 
! Paragraph ended before \hypertarget was complete.
<to be read again> 
                   \par 
l.1815 
       
I suspect you've forgotten a `}', causing me to apply this
control sequence to too much text. How can we recover?
My plan is to forget the whole thing and hope for the best.

[32]
Underfull \hbox (badness 10000) in paragraph at lines 1896--1899
\T1/lmr/m/n/10 (+20) https://batteryuniversity.com/article/bu-808-how-to-prolon
g-lithium-based-
 []


Overfull \hbox (121.07085pt too wide) in paragraph at lines 1914--1918
[]\T1/lmr/m/n/10 (-20) [6] Ap-ple Inc. (2024). ``Max-i-miz-ing Bat-tery Life an
d Lifes-pan.'' https://www.apple.com/batteries/maximizing-
 []

[33]
Underfull \hbox (badness 3428) in paragraph at lines 1959--1962
\T1/lmr/m/n/10 (+20) https://www.apple.com/iphone-15-pro/specs/ - Note: Bat-ter
y ca-pac-ity
 []


Package longtable Warning: Table widths have changed. Rerun LaTeX.

[34] (./MCM_2026_Problem_A_Solution.aux)
 ***********
LaTeX2e <2023-11-01> patch level 1
L3 programming layer <2024-01-22>
 ***********


LaTeX Warning: Label(s) may have changed. Rerun to get cross-references right.

 ) 
Here is how much of TeX's memory you used:
 14367 strings out of 476182
 226667 string characters out of 5795596
 1939975 words of memory out of 5000000
 35649 multiletter control sequences out of 15000+600000
 611982 words of font info for 188 fonts, out of 8000000 for 9000
 14 hyphenation exceptions out of 8191
 83i,9n,93p,1024b,592s stack positions out of 10000i,1000n,20000p,200000b,200000s
</usr/share/texmf/fonts/type1/public/lm/lmbx10.pfb></usr/share/texmf/fonts/ty
pe1/public/lm/lmbx12.pfb></usr/share/texmf/fonts/type1/public/lm/lmex10.pfb></u
sr/share/texmf/fonts/type1/public/lm/lmmi10.pfb></usr/share/texmf/fonts/type1/p
ublic/lm/lmmi7.pfb></usr/share/texmf/fonts/type1/public/lm/lmr10.pfb></usr/shar
e/texmf/fonts/type1/public/lm/lmr7.pfb></usr/share/texmf/fonts/type1/public/lm/
lmri10.pfb></usr/share/texmf/fonts/type1/public/lm/lmsy10.pfb></usr/share/texmf
/fonts/type1/public/lm/lmsy7.pfb></usr/share/texmf/fonts/type1/public/lm/lmtk10
.pfb></usr/share/texmf/fonts/type1/public/lm/lmtt10.pfb></usr/share/texmf/fonts
/type1/public/lm/lmtti10.pfb>
Output written on MCM_2026_Problem_A_Solution.pdf (34 pages, 2506772 bytes).
PDF statistics:
 741 PDF objects out of 1000 (max. 8388607)
 645 compressed objects within 7 object streams
 262 named destinations out of 1000 (max. 500000)
 31301 words of extra memory for PDF output out of 35830 (max. 10000000)

